[12:58:57.200727] (system) loaded compat profile: ARZMOD_GAME x64 | Version: 1712
[12:58:59.989311] (system) 


	* MonetLoader initialized! Version: 3.8.0-os
	* Official Telegram: t.me/MonetLoader


[12:59:00.024576] (system) Loading script: '/storage/emulated/0/Android/media/com.arizona.game/monetloader/CustomLauncherAdditions-F3H98SD.lua'...
[12:59:00.182022] (system) CustomLauncherAdditions-F3H98SD.lua: Loaded successfully.
[12:59:00.182451] (system) Loading script: '/storage/emulated/0/Android/media/com.arizona.game/monetloader/arzmod.lua'...
[12:59:00.244922] (system) arzmod.lua: Loaded successfully.
[12:59:00.245039] (system) Loading script: '/storage/emulated/0/Android/media/com.arizona.game/monetloader/scriptmgr-98D2ND.lua'...
[12:59:00.452821] (system) Script Manager: Loaded successfully.
[12:59:00.452913] (system) Loading script: '/storage/emulated/0/Android/media/com.arizona.game/monetloader/AutoRulet.lua'...
[12:59:00.476151] (system) AutoRulet: Loaded successfully.
[12:59:00.476250] (system) Loading script: '/storage/emulated/0/Android/media/com.arizona.game/monetloader/Dialog_ID.lua'...
[12:59:00.507707] (system) DialogID: Loaded successfully.
[12:59:00.507811] (system) Loading script: '/storage/emulated/0/Android/media/com.arizona.game/monetloader/samp_debug.lua'...
[12:59:00.537300] (system) DBG: Loaded successfully.
[12:59:00.537522] (system) Loading script: '/storage/emulated/0/Android/media/com.arizona.game/monetloader/cine by ntyz.lua'...
[12:59:00.719153] (system) cine by ntyz.lua: Loaded successfully.
[12:59:00.719269] (system) Loading script: '/storage/emulated/0/Android/media/com.arizona.game/monetloader/trampilot_monet-1.lua'...
[12:59:00.815084] (system) TramPilot: Loaded successfully.
[12:59:00.815224] (system) Loading script: '/storage/emulated/0/Android/media/com.arizona.game/monetloader/Kori_Cheat.lua'...
[12:59:00.884708] (system) Kori_Cheat.lua: Loaded successfully.
[12:59:00.885368] (system) Loading script: '/storage/emulated/0/Android/media/com.arizona.game/monetloader/.Arizona Helper Errors Handler.lua'...
[12:59:00.902670] (system) .Arizona Helper Errors Handler.lua: Loaded successfully.
[12:59:00.902792] (system) Loading script: '/storage/emulated/0/Android/media/com.arizona.game/monetloader/accessy.lua'...
[12:59:00.976413] (system) accessy.lua: Loaded successfully.
[12:59:00.976545] (system) Loading script: '/storage/emulated/0/Android/media/com.arizona.game/monetloader/DroneCam_Mobile_protected.lua'...
[12:59:02.522744] (system) DroneCam: Loaded successfully.
[12:59:02.522959] (system) Loading script: '/storage/emulated/0/Android/media/com.arizona.game/monetloader/hichecker_ml.lua'...
[12:59:02.574578] (system) RECON Checker | Gater: Loaded successfully.
[12:59:02.574678] (system) Loading script: '/storage/emulated/0/Android/media/com.arizona.game/monetloader/transforms.lua'...
[12:59:02.702625] (system) Ňđŕíńôîđěŕöč˙: Loaded successfully.
[12:59:02.702734] (system) Loading script: '/storage/emulated/0/Android/media/com.arizona.game/monetloader/ObjectMenu_PRO.lua'...
[12:59:02.847398] (system) ObjectMenu: Loaded successfully.
[12:59:02.847589] (system) Loading script: '/storage/emulated/0/Android/media/com.arizona.game/monetloader/st_weather.lua'...
[12:59:02.941263] (system) Weather & Time Changer: Loaded successfully.
[12:59:02.941385] (system) Loading script: '/storage/emulated/0/Android/media/com.arizona.game/monetloader/st_music-5.lua'...
[12:59:03.051738] (system) ST Music Player: Loaded successfully.
[12:59:03.051887] (system) Loading script: '/storage/emulated/0/Android/media/com.arizona.game/monetloader/quickmenu_free.lua'...
[12:59:03.243256] (system) Áűńňđîĺ ěĺíţ FREE: Loaded successfully.
[12:59:03.243760] (system) Loading script: '/storage/emulated/0/Android/media/com.arizona.game/monetloader/interface_logr-1.lua'...
[12:59:03.294335] (system) InterfaceLogger: Loaded successfully.
[12:59:03.294481] (system) Loading script: '/storage/emulated/0/Android/media/com.arizona.game/monetloader/autocaptcha-1.2.lua'...
[12:59:03.317703] (system) autocaptcha-1.2.lua: Loaded successfully.
[12:59:03.317829] (system) Loading script: '/storage/emulated/0/Android/media/com.arizona.game/monetloader/trampilot_monet-3.lua'...
[12:59:03.407891] (system) TramPilot: Loaded successfully.
[12:59:03.408028] (system) Loading script: '/storage/emulated/0/Android/media/com.arizona.game/monetloader/FuckConnectionScreen.lua'...
[12:59:03.470309] (system) FuckConnectionScreen.lua: Loaded successfully.
[12:59:03.476081] (script) accessy.lua: Initializing loader...
[12:59:11.269192] (script) FuckConnectionScreen.lua: Fucked connection screen!
